Using pre-set license
Built from '2020.3/staging' branch; Version is '2020.3.9f1 (108be757e447) revision 1084391'; Using compiler version '192528614'; Build Type 'Release'
OS: 'Windows 10 Pro; OS build 19042.1052; Version 2009; 64bit' Language: 'en' Physical Memory: 32600 MB
BatchMode: 1, IsHumanControllingUs: 0, StartBugReporterOnCrash: 0, Is64bit: 1, IsPro: 0

 COMMAND LINE ARGUMENTS:
C:\Program Files\Unity\Hub\Editor\2020.3.9f1\Editor\Unity.exe
-adb2
-batchMode
-noUpm
-name
AssetImportWorker0
-projectPath
C:/Users/blcos/Documents/AdventuresOfGraveyardCity
-logFile
Logs/AssetImportWorker0.log
-srvPort
54897
Successfully changed project path to: C:/Users/blcos/Documents/AdventuresOfGraveyardCity
C:/Users/blcos/Documents/AdventuresOfGraveyardCity
Using Asset Import Pipeline V2.
Refreshing native plugins compatible for Editor in 52.22 ms, found 0 plugins.
Preloading 0 native plugins for Editor in 0.00 ms.
Initialize engine version: 2020.3.9f1 (108be757e447)
[Subsystems] Discovering subsystems at path C:/Program Files/Unity/Hub/Editor/2020.3.9f1/Editor/Data/Resources/UnitySubsystems
[Subsystems] Discovering subsystems at path C:/Users/blcos/Documents/AdventuresOfGraveyardCity/Assets
GfxDevice: creating device client; threaded=0
Direct3D:
    Version:  Direct3D 11.0 [level 11.1]
    Renderer: NVIDIA GeForce RTX 2070 Super (ID=0x1e91)
    Vendor:   
    VRAM:     8011 MB
    Driver:   27.21.14.6156
Shader 'Universal Render Pipeline/Particles/Lit': fallback shader 'Universal Render Pipeline/Particles/SimpleLit' not found
Initialize mono
Mono path[0] = 'C:/Program Files/Unity/Hub/Editor/2020.3.9f1/Editor/Data/Managed'
Mono path[1] = 'C:/Program Files/Unity/Hub/Editor/2020.3.9f1/Editor/Data/MonoBleedingEdge/lib/mono/unityjit'
Mono config path = 'C:/Program Files/Unity/Hub/Editor/2020.3.9f1/Editor/Data/MonoBleedingEdge/etc'
Using monoOptions --debugger-agent=transport=dt_socket,embedding=1,server=y,suspend=n,address=127.0.0.1:56940
Begin MonoManager ReloadAssembly
Registering precompiled unity dll's ...
Register platform support module: C:/Program Files/Unity/Hub/Editor/2020.3.9f1/Editor/Data/PlaybackEngines/WindowsStandaloneSupport/UnityEditor.WindowsStandalone.Extensions.dll
Registered in 0.001497 seconds.
Native extension for WindowsStandalone target not found
Refreshing native plugins compatible for Editor in 49.26 ms, found 0 plugins.
Preloading 0 native plugins for Editor in 0.00 ms.
Mono: successfully reloaded assembly
- Completed reload, in  1.690 seconds
Platform modules already initialized, skipping
Registering precompiled user dll's ...
Registered in 0.001173 seconds.
Begin MonoManager ReloadAssembly
Native extension for WindowsStandalone target not found
Refreshing native plugins compatible for Editor in 52.92 ms, found 0 plugins.
Preloading 0 native plugins for Editor in 0.00 ms.
Mono: successfully reloaded assembly
- Completed reload, in  0.845 seconds
Platform modules already initialized, skipping
========================================================================
Worker process is ready to serve import requests
Shader 'Universal Render Pipeline/Particles/Lit': fallback shader 'Universal Render Pipeline/Particles/SimpleLit' not found
Launched and connected shader compiler UnityShaderCompiler.exe after 0.04 seconds
Refreshing native plugins compatible for Editor in 0.55 ms, found 0 plugins.
Preloading 0 native plugins for Editor in 0.00 ms.
Unloading 3246 Unused Serialized files (Serialized files now loaded: 0)
System memory in use before: 244.0 MB.
System memory in use after: 242.7 MB.

Unloading 31 unused Assets to reduce memory usage. Loaded Objects now: 3709.
Total: 2.600600 ms (FindLiveObjects: 0.255400 ms CreateObjectMapping: 0.144000 ms MarkObjects: 1.552400 ms  DeleteObjects: 0.648200 ms)

========================================================================
Received Import Request.
  path: Assets/Models/Lever.blend
  artifactKey: Guid(bd30431da5ecadd4eb2c1ad118cb08ae) Importer(815301076,1909f56bfc062723c751e8b465ee728b)
Start importing Assets/Models/Lever.blend using Guid(bd30431da5ecadd4eb2c1ad118cb08ae) Importer(815301076,1909f56bfc062723c751e8b465ee728b)  -> (artifact id: '171af0f08cb3e9fa99d0cb3d40c2f090') in 0.176630 seconds
  Import took 0.181121 seconds .

========================================================================
Received Import Request.
  Time since last request: 319.795030 seconds.
  path: Assets/Models/Lever.blend
  artifactKey: Guid(bd30431da5ecadd4eb2c1ad118cb08ae) Importer(815301076,1909f56bfc062723c751e8b465ee728b)
Start importing Assets/Models/Lever.blend using Guid(bd30431da5ecadd4eb2c1ad118cb08ae) Importer(815301076,1909f56bfc062723c751e8b465ee728b)  -> (artifact id: '62c4789754f949dd70cb3a8a677757d7') in 0.027076 seconds
  Import took 0.033924 seconds .

========================================================================
Received Import Request.
  Time since last request: 599.651891 seconds.
  path: Assets/Models/Door.blend
  artifactKey: Guid(ee685731e00315649a28eb72c23d26d8) Importer(815301076,1909f56bfc062723c751e8b465ee728b)
Start importing Assets/Models/Door.blend using Guid(ee685731e00315649a28eb72c23d26d8) Importer(815301076,1909f56bfc062723c751e8b465ee728b)  -> (artifact id: '076e803ea7996b4a5bbab2cd35b1e862') in 0.044908 seconds
  Import took 0.050439 seconds .

========================================================================
Received Import Request.
  Time since last request: 2.993020 seconds.
  path: Assets/Models/Lever.blend
  artifactKey: Guid(bd30431da5ecadd4eb2c1ad118cb08ae) Importer(815301076,1909f56bfc062723c751e8b465ee728b)
Start importing Assets/Models/Lever.blend using Guid(bd30431da5ecadd4eb2c1ad118cb08ae) Importer(815301076,1909f56bfc062723c751e8b465ee728b)  -> (artifact id: '2dc1165562c45ed65e2efb601b1a6b3a') in 0.023285 seconds
  Import took 0.028171 seconds .

========================================================================
Received Import Request.
  Time since last request: 210.873874 seconds.
  path: Assets/Models/Lever.blend
  artifactKey: Guid(bd30431da5ecadd4eb2c1ad118cb08ae) Importer(815301076,1909f56bfc062723c751e8b465ee728b)
Start importing Assets/Models/Lever.blend using Guid(bd30431da5ecadd4eb2c1ad118cb08ae) Importer(815301076,1909f56bfc062723c751e8b465ee728b)  -> (artifact id: '34fe8ce85c93eef3645f5a723f9956ec') in 0.026791 seconds
  Import took 0.031219 seconds .

========================================================================
Received Prepare
Registering precompiled user dll's ...
Registered in 0.001350 seconds.
Begin MonoManager ReloadAssembly
Native extension for WindowsStandalone target not found
Refreshing native plugins compatible for Editor in 0.52 ms, found 0 plugins.
Preloading 0 native plugins for Editor in 0.00 ms.
Mono: successfully reloaded assembly
- Completed reload, in  0.875 seconds
Platform modules already initialized, skipping
Shader 'Universal Render Pipeline/Particles/Lit': fallback shader 'Universal Render Pipeline/Particles/SimpleLit' not found
Refreshing native plugins compatible for Editor in 0.56 ms, found 0 plugins.
Preloading 0 native plugins for Editor in 0.00 ms.
Unloading 3115 Unused Serialized files (Serialized files now loaded: 0)
System memory in use before: 240.2 MB.
System memory in use after: 239.0 MB.

Unloading 26 unused Assets to reduce memory usage. Loaded Objects now: 3797.
Total: 2.813500 ms (FindLiveObjects: 0.299300 ms CreateObjectMapping: 0.155700 ms MarkObjects: 1.641000 ms  DeleteObjects: 0.716500 ms)

========================================================================
Received Prepare
Registering precompiled user dll's ...
Registered in 0.001249 seconds.
Begin MonoManager ReloadAssembly
Native extension for WindowsStandalone target not found
Refreshing native plugins compatible for Editor in 0.52 ms, found 0 plugins.
Preloading 0 native plugins for Editor in 0.00 ms.
Mono: successfully reloaded assembly
- Completed reload, in  0.845 seconds
Platform modules already initialized, skipping
Shader 'Universal Render Pipeline/Particles/Lit': fallback shader 'Universal Render Pipeline/Particles/SimpleLit' not found
Refreshing native plugins compatible for Editor in 0.55 ms, found 0 plugins.
Preloading 0 native plugins for Editor in 0.00 ms.
Unloading 3115 Unused Serialized files (Serialized files now loaded: 0)
System memory in use before: 240.3 MB.
System memory in use after: 239.1 MB.

Unloading 26 unused Assets to reduce memory usage. Loaded Objects now: 3802.
Total: 2.803900 ms (FindLiveObjects: 0.269600 ms CreateObjectMapping: 0.142200 ms MarkObjects: 1.643400 ms  DeleteObjects: 0.747400 ms)

========================================================================
Received Prepare
Registering precompiled user dll's ...
Registered in 0.001639 seconds.
Begin MonoManager ReloadAssembly
Native extension for WindowsStandalone target not found
Refreshing native plugins compatible for Editor in 0.56 ms, found 0 plugins.
Preloading 0 native plugins for Editor in 0.00 ms.
Mono: successfully reloaded assembly
- Completed reload, in  0.837 seconds
Platform modules already initialized, skipping
Shader 'Universal Render Pipeline/Particles/Lit': fallback shader 'Universal Render Pipeline/Particles/SimpleLit' not found
Refreshing native plugins compatible for Editor in 0.69 ms, found 0 plugins.
Preloading 0 native plugins for Editor in 0.00 ms.
Unloading 3115 Unused Serialized files (Serialized files now loaded: 0)
System memory in use before: 240.4 MB.
System memory in use after: 239.1 MB.

Unloading 26 unused Assets to reduce memory usage. Loaded Objects now: 3807.
Total: 4.060800 ms (FindLiveObjects: 0.561600 ms CreateObjectMapping: 0.232200 ms MarkObjects: 2.238300 ms  DeleteObjects: 1.027800 ms)

========================================================================
Received Prepare
Registering precompiled user dll's ...
Registered in 0.001371 seconds.
Begin MonoManager ReloadAssembly
Native extension for WindowsStandalone target not found
Refreshing native plugins compatible for Editor in 0.52 ms, found 0 plugins.
Preloading 0 native plugins for Editor in 0.00 ms.
Mono: successfully reloaded assembly
- Completed reload, in  0.838 seconds
Platform modules already initialized, skipping
Shader 'Universal Render Pipeline/Particles/Lit': fallback shader 'Universal Render Pipeline/Particles/SimpleLit' not found
Refreshing native plugins compatible for Editor in 0.56 ms, found 0 plugins.
Preloading 0 native plugins for Editor in 0.00 ms.
Unloading 3115 Unused Serialized files (Serialized files now loaded: 0)
System memory in use before: 240.4 MB.
System memory in use after: 239.1 MB.

Unloading 26 unused Assets to reduce memory usage. Loaded Objects now: 3812.
Total: 2.842400 ms (FindLiveObjects: 0.282000 ms CreateObjectMapping: 0.151500 ms MarkObjects: 1.638400 ms  DeleteObjects: 0.769600 ms)

========================================================================
Received Prepare
Registering precompiled user dll's ...
Registered in 0.001305 seconds.
Begin MonoManager ReloadAssembly
Native extension for WindowsStandalone target not found
Refreshing native plugins compatible for Editor in 0.55 ms, found 0 plugins.
Preloading 0 native plugins for Editor in 0.00 ms.
Mono: successfully reloaded assembly
- Completed reload, in  0.832 seconds
Platform modules already initialized, skipping
Shader 'Universal Render Pipeline/Particles/Lit': fallback shader 'Universal Render Pipeline/Particles/SimpleLit' not found
Refreshing native plugins compatible for Editor in 0.65 ms, found 0 plugins.
Preloading 0 native plugins for Editor in 0.00 ms.
Unloading 3115 Unused Serialized files (Serialized files now loaded: 0)
System memory in use before: 240.4 MB.
System memory in use after: 239.1 MB.

Unloading 26 unused Assets to reduce memory usage. Loaded Objects now: 3817.
Total: 3.487900 ms (FindLiveObjects: 0.397900 ms CreateObjectMapping: 0.321200 ms MarkObjects: 1.883700 ms  DeleteObjects: 0.884100 ms)

========================================================================
Received Prepare
Registering precompiled user dll's ...
Registered in 0.001571 seconds.
Begin MonoManager ReloadAssembly
Native extension for WindowsStandalone target not found
Refreshing native plugins compatible for Editor in 0.51 ms, found 0 plugins.
Preloading 0 native plugins for Editor in 0.00 ms.
Mono: successfully reloaded assembly
- Completed reload, in  0.834 seconds
Platform modules already initialized, skipping
Shader 'Universal Render Pipeline/Particles/Lit': fallback shader 'Universal Render Pipeline/Particles/SimpleLit' not found
Refreshing native plugins compatible for Editor in 0.53 ms, found 0 plugins.
Preloading 0 native plugins for Editor in 0.00 ms.
Unloading 3115 Unused Serialized files (Serialized files now loaded: 0)
System memory in use before: 240.4 MB.
System memory in use after: 239.2 MB.

Unloading 26 unused Assets to reduce memory usage. Loaded Objects now: 3822.
Total: 3.185600 ms (FindLiveObjects: 0.240300 ms CreateObjectMapping: 0.119400 ms MarkObjects: 2.011000 ms  DeleteObjects: 0.814100 ms)

========================================================================
Received Import Request.
  Time since last request: 1825.781072 seconds.
  path: Assets/ImportedAssets/Standard Assets/ParticleSystems/Scripts/ExtinguishableParticleSystem.cs
  artifactKey: Guid(13e3e45088e68834999c82ca6f025949) Importer(815301076,1909f56bfc062723c751e8b465ee728b)
Start importing Assets/ImportedAssets/Standard Assets/ParticleSystems/Scripts/ExtinguishableParticleSystem.cs using Guid(13e3e45088e68834999c82ca6f025949) Importer(815301076,1909f56bfc062723c751e8b465ee728b)  -> (artifact id: 'f5446ef4015469899e1524f5dfd973d5') in 0.011345 seconds
  Import took 0.015409 seconds .

========================================================================
Received Import Request.
  Time since last request: 0.000316 seconds.
  path: Assets/ImportedAssets/Standard Assets/ParticleSystems/Scripts/Explosive.cs
  artifactKey: Guid(433e9c8d0293ac4429eaf19bff2b58cf) Importer(815301076,1909f56bfc062723c751e8b465ee728b)
Start importing Assets/ImportedAssets/Standard Assets/ParticleSystems/Scripts/Explosive.cs using Guid(433e9c8d0293ac4429eaf19bff2b58cf) Importer(815301076,1909f56bfc062723c751e8b465ee728b)  -> (artifact id: '6dfa1e606bbc7904358b2be217cb6765') in 0.004764 seconds
  Import took 0.008458 seconds .

========================================================================
Received Prepare
Registering precompiled user dll's ...
Registered in 0.001330 seconds.
Begin MonoManager ReloadAssembly
Native extension for WindowsStandalone target not found
Refreshing native plugins compatible for Editor in 0.66 ms, found 0 plugins.
Preloading 0 native plugins for Editor in 0.00 ms.
Mono: successfully reloaded assembly
- Completed reload, in  0.828 seconds
Platform modules already initialized, skipping
Shader 'Universal Render Pipeline/Particles/Lit': fallback shader 'Universal Render Pipeline/Particles/SimpleLit' not found
Refreshing native plugins compatible for Editor in 0.90 ms, found 0 plugins.
Preloading 0 native plugins for Editor in 0.00 ms.
Unloading 3114 Unused Serialized files (Serialized files now loaded: 0)
System memory in use before: 240.4 MB.
System memory in use after: 239.1 MB.

Unloading 27 unused Assets to reduce memory usage. Loaded Objects now: 3826.
Total: 4.172900 ms (FindLiveObjects: 0.470300 ms CreateObjectMapping: 0.335500 ms MarkObjects: 2.343000 ms  DeleteObjects: 1.023000 ms)

========================================================================
Received Prepare
Registering precompiled user dll's ...
Registered in 0.001218 seconds.
Begin MonoManager ReloadAssembly
Native extension for WindowsStandalone target not found
Refreshing native plugins compatible for Editor in 0.55 ms, found 0 plugins.
Preloading 0 native plugins for Editor in 0.00 ms.
Mono: successfully reloaded assembly
- Completed reload, in  0.842 seconds
Platform modules already initialized, skipping
Shader 'Universal Render Pipeline/Particles/Lit': fallback shader 'Universal Render Pipeline/Particles/SimpleLit' not found
Refreshing native plugins compatible for Editor in 0.67 ms, found 0 plugins.
Preloading 0 native plugins for Editor in 0.00 ms.
Unloading 3114 Unused Serialized files (Serialized files now loaded: 0)
System memory in use before: 240.4 MB.
System memory in use after: 239.2 MB.

Unloading 26 unused Assets to reduce memory usage. Loaded Objects now: 3831.
Total: 4.105900 ms (FindLiveObjects: 0.376000 ms CreateObjectMapping: 0.189600 ms MarkObjects: 2.508300 ms  DeleteObjects: 1.029700 ms)

========================================================================
Received Prepare
Registering precompiled user dll's ...
Registered in 0.001273 seconds.
Begin MonoManager ReloadAssembly
Native extension for WindowsStandalone target not found
Refreshing native plugins compatible for Editor in 0.79 ms, found 0 plugins.
Preloading 0 native plugins for Editor in 0.00 ms.
Mono: successfully reloaded assembly
- Completed reload, in  0.948 seconds
Platform modules already initialized, skipping
Shader 'Universal Render Pipeline/Particles/Lit': fallback shader 'Universal Render Pipeline/Particles/SimpleLit' not found
Refreshing native plugins compatible for Editor in 0.55 ms, found 0 plugins.
Preloading 0 native plugins for Editor in 0.00 ms.
Unloading 3114 Unused Serialized files (Serialized files now loaded: 0)
System memory in use before: 240.5 MB.
System memory in use after: 239.2 MB.

Unloading 26 unused Assets to reduce memory usage. Loaded Objects now: 3836.
Total: 2.831200 ms (FindLiveObjects: 0.292100 ms CreateObjectMapping: 0.132000 ms MarkObjects: 1.591500 ms  DeleteObjects: 0.814800 ms)

========================================================================
Received Prepare
Registering precompiled user dll's ...
Registered in 0.001206 seconds.
Begin MonoManager ReloadAssembly
Native extension for WindowsStandalone target not found
Refreshing native plugins compatible for Editor in 0.53 ms, found 0 plugins.
Preloading 0 native plugins for Editor in 0.00 ms.
Mono: successfully reloaded assembly
- Completed reload, in  0.833 seconds
Platform modules already initialized, skipping
Shader 'Universal Render Pipeline/Particles/Lit': fallback shader 'Universal Render Pipeline/Particles/SimpleLit' not found
Refreshing native plugins compatible for Editor in 0.55 ms, found 0 plugins.
Preloading 0 native plugins for Editor in 0.00 ms.
Unloading 3115 Unused Serialized files (Serialized files now loaded: 0)
System memory in use before: 240.4 MB.
System memory in use after: 239.2 MB.

Unloading 26 unused Assets to reduce memory usage. Loaded Objects now: 3842.
Total: 3.311500 ms (FindLiveObjects: 0.420000 ms CreateObjectMapping: 0.199500 ms MarkObjects: 1.720900 ms  DeleteObjects: 0.970300 ms)

========================================================================
Received Prepare
Registering precompiled user dll's ...
Registered in 0.001268 seconds.
Begin MonoManager ReloadAssembly
Native extension for WindowsStandalone target not found
Refreshing native plugins compatible for Editor in 0.54 ms, found 0 plugins.
Preloading 0 native plugins for Editor in 0.00 ms.
Mono: successfully reloaded assembly
- Completed reload, in  0.849 seconds
Platform modules already initialized, skipping
Shader 'Universal Render Pipeline/Particles/Lit': fallback shader 'Universal Render Pipeline/Particles/SimpleLit' not found
Refreshing native plugins compatible for Editor in 0.56 ms, found 0 plugins.
Preloading 0 native plugins for Editor in 0.00 ms.
Unloading 3115 Unused Serialized files (Serialized files now loaded: 0)
System memory in use before: 240.5 MB.
System memory in use after: 239.2 MB.

Unloading 26 unused Assets to reduce memory usage. Loaded Objects now: 3847.
Total: 3.110200 ms (FindLiveObjects: 0.344800 ms CreateObjectMapping: 0.205700 ms MarkObjects: 1.725500 ms  DeleteObjects: 0.833200 ms)

========================================================================
Received Prepare
Registering precompiled user dll's ...
Registered in 0.001218 seconds.
Begin MonoManager ReloadAssembly
Native extension for WindowsStandalone target not found
Refreshing native plugins compatible for Editor in 0.52 ms, found 0 plugins.
Preloading 0 native plugins for Editor in 0.00 ms.
Mono: successfully reloaded assembly
- Completed reload, in  0.804 seconds
Platform modules already initialized, skipping
Shader 'Universal Render Pipeline/Particles/Lit': fallback shader 'Universal Render Pipeline/Particles/SimpleLit' not found
Refreshing native plugins compatible for Editor in 0.57 ms, found 0 plugins.
Preloading 0 native plugins for Editor in 0.00 ms.
Unloading 3115 Unused Serialized files (Serialized files now loaded: 0)
System memory in use before: 240.5 MB.
System memory in use after: 239.2 MB.

Unloading 26 unused Assets to reduce memory usage. Loaded Objects now: 3852.
Total: 3.037600 ms (FindLiveObjects: 0.377900 ms CreateObjectMapping: 0.199400 ms MarkObjects: 1.568800 ms  DeleteObjects: 0.890900 ms)

========================================================================
Received Prepare
Registering precompiled user dll's ...
Registered in 0.001300 seconds.
Begin MonoManager ReloadAssembly
Native extension for WindowsStandalone target not found
Refreshing native plugins compatible for Editor in 0.56 ms, found 0 plugins.
Preloading 0 native plugins for Editor in 0.00 ms.
Mono: successfully reloaded assembly
- Completed reload, in  0.874 seconds
Platform modules already initialized, skipping
Shader 'Universal Render Pipeline/Particles/Lit': fallback shader 'Universal Render Pipeline/Particles/SimpleLit' not found
Refreshing native plugins compatible for Editor in 0.54 ms, found 0 plugins.
Preloading 0 native plugins for Editor in 0.00 ms.
Unloading 3115 Unused Serialized files (Serialized files now loaded: 0)
System memory in use before: 240.5 MB.
System memory in use after: 239.2 MB.

Unloading 26 unused Assets to reduce memory usage. Loaded Objects now: 3857.
Total: 3.095000 ms (FindLiveObjects: 0.278500 ms CreateObjectMapping: 0.152600 ms MarkObjects: 1.810700 ms  DeleteObjects: 0.852200 ms)

========================================================================
Received Prepare
Registering precompiled user dll's ...
Registered in 0.001277 seconds.
Begin MonoManager ReloadAssembly
Native extension for WindowsStandalone target not found
Refreshing native plugins compatible for Editor in 0.53 ms, found 0 plugins.
Preloading 0 native plugins for Editor in 0.00 ms.
Mono: successfully reloaded assembly
- Completed reload, in  0.847 seconds
Platform modules already initialized, skipping
Shader 'Universal Render Pipeline/Particles/Lit': fallback shader 'Universal Render Pipeline/Particles/SimpleLit' not found
Refreshing native plugins compatible for Editor in 0.57 ms, found 0 plugins.
Preloading 0 native plugins for Editor in 0.00 ms.
Unloading 3115 Unused Serialized files (Serialized files now loaded: 0)
System memory in use before: 240.5 MB.
System memory in use after: 239.3 MB.

Unloading 26 unused Assets to reduce memory usage. Loaded Objects now: 3862.
Total: 3.021900 ms (FindLiveObjects: 0.337400 ms CreateObjectMapping: 0.165000 ms MarkObjects: 1.635200 ms  DeleteObjects: 0.883300 ms)

========================================================================
Received Import Request.
  Time since last request: 1295.112666 seconds.
  path: Assets/Prefabs/Door.prefab
  artifactKey: Guid(438c5047ac9400a46b8aac1b586e61d7) Importer(815301076,1909f56bfc062723c751e8b465ee728b)
Start importing Assets/Prefabs/Door.prefab using Guid(438c5047ac9400a46b8aac1b586e61d7) Importer(815301076,1909f56bfc062723c751e8b465ee728b)  -> (artifact id: 'f745ddf90e22460017a002a4b0c5cff3') in 1.134227 seconds
  Import took 1.138797 seconds .

========================================================================
Received Import Request.
  Time since last request: 0.443327 seconds.
  path: Assets/Prefabs/Lever.prefab
  artifactKey: Guid(35f934bf050cf5b44bac87ebe21a35a7) Importer(815301076,1909f56bfc062723c751e8b465ee728b)
Start importing Assets/Prefabs/Lever.prefab using Guid(35f934bf050cf5b44bac87ebe21a35a7) Importer(815301076,1909f56bfc062723c751e8b465ee728b)  -> (artifact id: '21e1f7fac7e5384c857d90d633e7cf77') in 0.014687 seconds
  Import took 0.021092 seconds .

========================================================================
Received Import Request.
  Time since last request: 0.013616 seconds.
  path: Assets/Prefabs/Lever.prefab
  artifactKey: Guid(35f934bf050cf5b44bac87ebe21a35a7) Importer(815301076,1909f56bfc062723c751e8b465ee728b)
Start importing Assets/Prefabs/Lever.prefab using Guid(35f934bf050cf5b44bac87ebe21a35a7) Importer(815301076,1909f56bfc062723c751e8b465ee728b)  -> (artifact id: '21e1f7fac7e5384c857d90d633e7cf77') in 0.008863 seconds
  Import took 0.015185 seconds .

========================================================================
Received Prepare
Registering precompiled user dll's ...
Registered in 0.001671 seconds.
Begin MonoManager ReloadAssembly
Native extension for WindowsStandalone target not found
Refreshing native plugins compatible for Editor in 0.55 ms, found 0 plugins.
Preloading 0 native plugins for Editor in 0.00 ms.
Mono: successfully reloaded assembly
- Completed reload, in  0.868 seconds
Platform modules already initialized, skipping
Shader 'Universal Render Pipeline/Particles/Lit': fallback shader 'Universal Render Pipeline/Particles/SimpleLit' not found
Refreshing native plugins compatible for Editor in 0.54 ms, found 0 plugins.
Preloading 0 native plugins for Editor in 0.00 ms.
Unloading 3115 Unused Serialized files (Serialized files now loaded: 0)
System memory in use before: 240.7 MB.
System memory in use after: 239.5 MB.

Unloading 26 unused Assets to reduce memory usage. Loaded Objects now: 3904.
Total: 3.607200 ms (FindLiveObjects: 0.285700 ms CreateObjectMapping: 0.174700 ms MarkObjects: 2.089500 ms  DeleteObjects: 1.056400 ms)

========================================================================
Received Import Request.
  Time since last request: 140.187322 seconds.
  path: Assets/Prefabs/Volumes
  artifactKey: Guid(5f050769894c22143b6c3a12969b05ec) Importer(815301076,1909f56bfc062723c751e8b465ee728b)
Start importing Assets/Prefabs/Volumes using Guid(5f050769894c22143b6c3a12969b05ec) Importer(815301076,1909f56bfc062723c751e8b465ee728b)  -> (artifact id: 'eeab131de14a996b6df2cc121210dcd7') in 0.010512 seconds
  Import took 0.015628 seconds .

========================================================================
Received Import Request.
  Time since last request: 0.007461 seconds.
  path: Assets/Prefabs/Volumes
  artifactKey: Guid(5f050769894c22143b6c3a12969b05ec) Importer(815301076,1909f56bfc062723c751e8b465ee728b)
Start importing Assets/Prefabs/Volumes using Guid(5f050769894c22143b6c3a12969b05ec) Importer(815301076,1909f56bfc062723c751e8b465ee728b)  -> (artifact id: 'eeab131de14a996b6df2cc121210dcd7') in 0.002941 seconds
  Import took 0.007902 seconds .

========================================================================
Received Import Request.
  Time since last request: 2.850053 seconds.
  path: Assets/Prefabs/Volumes/Global Volume.prefab
  artifactKey: Guid(0367c5b05de79674eaa74cb65eed2a7a) Importer(815301076,1909f56bfc062723c751e8b465ee728b)
Start importing Assets/Prefabs/Volumes/Global Volume.prefab using Guid(0367c5b05de79674eaa74cb65eed2a7a) Importer(815301076,1909f56bfc062723c751e8b465ee728b)  -> (artifact id: 'b23212c42eb6e22da2aad79f0427c054') in 0.095748 seconds
  Import took 0.100292 seconds .

========================================================================
Received Prepare
Registering precompiled user dll's ...
Registered in 0.001331 seconds.
Begin MonoManager ReloadAssembly
Native extension for WindowsStandalone target not found
Refreshing native plugins compatible for Editor in 0.71 ms, found 0 plugins.
Preloading 0 native plugins for Editor in 0.00 ms.
Mono: successfully reloaded assembly
- Completed reload, in  0.847 seconds
Platform modules already initialized, skipping
Shader 'Universal Render Pipeline/Particles/Lit': fallback shader 'Universal Render Pipeline/Particles/SimpleLit' not found
Refreshing native plugins compatible for Editor in 0.64 ms, found 0 plugins.
Preloading 0 native plugins for Editor in 0.00 ms.
Unloading 3115 Unused Serialized files (Serialized files now loaded: 0)
System memory in use before: 240.8 MB.
System memory in use after: 239.5 MB.

Unloading 26 unused Assets to reduce memory usage. Loaded Objects now: 3909.
Total: 3.195700 ms (FindLiveObjects: 0.328600 ms CreateObjectMapping: 0.154400 ms MarkObjects: 1.835200 ms  DeleteObjects: 0.876700 ms)

========================================================================
Received Import Request.
  Time since last request: 127.017394 seconds.
  path: ProjectSettings/TagManager.asset
  artifactKey: Guid(00000000000000003000000000000000) Importer(815301076,1909f56bfc062723c751e8b465ee728b)
Start importing ProjectSettings/TagManager.asset using Guid(00000000000000003000000000000000) Importer(815301076,1909f56bfc062723c751e8b465ee728b)  -> (artifact id: '9acdd6ef9397cd2464fb7f33a10519f4') in 0.076078 seconds
  Import took 0.080604 seconds .

========================================================================
Received Prepare
Registering precompiled user dll's ...
Registered in 0.001280 seconds.
Begin MonoManager ReloadAssembly
Native extension for WindowsStandalone target not found
Refreshing native plugins compatible for Editor in 0.58 ms, found 0 plugins.
Preloading 0 native plugins for Editor in 0.00 ms.
Mono: successfully reloaded assembly
- Completed reload, in  0.837 seconds
Platform modules already initialized, skipping
Shader 'Universal Render Pipeline/Particles/Lit': fallback shader 'Universal Render Pipeline/Particles/SimpleLit' not found
Refreshing native plugins compatible for Editor in 0.61 ms, found 0 plugins.
Preloading 0 native plugins for Editor in 0.00 ms.
Unloading 3115 Unused Serialized files (Serialized files now loaded: 0)
System memory in use before: 240.8 MB.
System memory in use after: 239.6 MB.

Unloading 27 unused Assets to reduce memory usage. Loaded Objects now: 3914.
Total: 3.007600 ms (FindLiveObjects: 0.261800 ms CreateObjectMapping: 0.130900 ms MarkObjects: 1.798300 ms  DeleteObjects: 0.815800 ms)

========================================================================
Received Prepare
Registering precompiled user dll's ...
Registered in 0.001199 seconds.
Begin MonoManager ReloadAssembly
Native extension for WindowsStandalone target not found
Refreshing native plugins compatible for Editor in 0.56 ms, found 0 plugins.
Preloading 0 native plugins for Editor in 0.00 ms.
Mono: successfully reloaded assembly
- Completed reload, in  0.833 seconds
Platform modules already initialized, skipping
Shader 'Universal Render Pipeline/Particles/Lit': fallback shader 'Universal Render Pipeline/Particles/SimpleLit' not found
Refreshing native plugins compatible for Editor in 0.55 ms, found 0 plugins.
Preloading 0 native plugins for Editor in 0.00 ms.
Unloading 3115 Unused Serialized files (Serialized files now loaded: 0)
System memory in use before: 240.8 MB.
System memory in use after: 239.6 MB.

Unloading 26 unused Assets to reduce memory usage. Loaded Objects now: 3919.
Total: 3.251600 ms (FindLiveObjects: 0.282300 ms CreateObjectMapping: 0.144100 ms MarkObjects: 1.808200 ms  DeleteObjects: 1.016100 ms)

========================================================================
Received Prepare
Registering precompiled user dll's ...
Registered in 0.001550 seconds.
Begin MonoManager ReloadAssembly
Native extension for WindowsStandalone target not found
Refreshing native plugins compatible for Editor in 0.67 ms, found 0 plugins.
Preloading 0 native plugins for Editor in 0.00 ms.
Mono: successfully reloaded assembly
- Completed reload, in  0.833 seconds
Platform modules already initialized, skipping
Shader 'Universal Render Pipeline/Particles/Lit': fallback shader 'Universal Render Pipeline/Particles/SimpleLit' not found
Refreshing native plugins compatible for Editor in 0.55 ms, found 0 plugins.
Preloading 0 native plugins for Editor in 0.00 ms.
Unloading 3115 Unused Serialized files (Serialized files now loaded: 0)
System memory in use before: 240.8 MB.
System memory in use after: 239.6 MB.

Unloading 26 unused Assets to reduce memory usage. Loaded Objects now: 3924.
Total: 3.148400 ms (FindLiveObjects: 0.299000 ms CreateObjectMapping: 0.145900 ms MarkObjects: 1.857400 ms  DeleteObjects: 0.845300 ms)

AssetImportWorkerClient::OnTransportError - code=2 error=End of file
